build/outputs/logs/manifest-merger-debug-report.txt
-- Merging decision tree log ---
manifest
ADDED from NewDhDemo\superxz_bottom\AndroidManifest.xml:2:1-69:12
	package
		ADDED from NewDhDemo\superxz_bottom\AndroidManifest.xml:3:5-36
	android:versionName
		ADDED from NewDhDemo\superxz_bottom\AndroidManifest.xml:5:5-30
		INJECTED from NewDhDemo\superxz_bottom\AndroidManifest.xml
		INJECTED from NewDhDemo\superxz_bottom\AndroidManifest.xml
	android:versionCode
		ADDED from NewDhDemo\superxz_bottom\AndroidManifest.xml:4:5-28
		INJECTED from NewDhDemo\superxz_bottom\AndroidManifest.xml
		INJECTED from NewDhDemo\superxz_bottom\AndroidManifest.xml
	xmlns:android
		ADDED from NewDhDemo\superxz_bottom\AndroidManifest.xml:2:11-69
uses-sdk
ADDED from NewDhDemo\superxz_bottom\AndroidManifest.xml:7:5-9:41
MERGED from [com.facebook.fresco:fresco:0.11.0] AndroidManifest.xml:5:5-7:41
MERGED from [com.facebook.fresco:drawee:0.11.0] AndroidManifest.xml:5:5-7:41
MERGED from [com.android.support:support-v4:23.2.1] AndroidManifest.xml:20:5-43
MERGED from [com.facebook.fresco:fbcore:0.11.0] AndroidManifest.xml:5:5-7:41
MERGED from [com.facebook.fresco:fbcore:0.11.0] AndroidManifest.xml:5:5-7:41
MERGED from [com.facebook.fresco:imagepipeline:0.11.0] AndroidManifest.xml:5:5-7:41
MERGED from [com.android.support:support-v4:23.2.1] AndroidManifest.xml:20:5-43
MERGED from [com.facebook.fresco:fbcore:0.11.0] AndroidManifest.xml:5:5-7:41
MERGED from [com.facebook.fresco:imagepipeline-base:0.11.0] AndroidManifest.xml:5:5-7:41
MERGED from [com.android.support:support-v4:23.2.1] AndroidManifest.xml:20:5-43
MERGED from [com.facebook.fresco:fbcore:0.11.0] AndroidManifest.xml:5:5-7:41
MERGED from [com.facebook.fresco:drawee:0.11.0] AndroidManifest.xml:5:5-7:41
MERGED from [com.android.support:support-v4:23.2.1] AndroidManifest.xml:20:5-43
MERGED from [com.facebook.fresco:fbcore:0.11.0] AndroidManifest.xml:5:5-7:41
MERGED from [com.facebook.fresco:imagepipeline:0.11.0] AndroidManifest.xml:5:5-7:41
MERGED from [com.android.support:support-v4:23.2.1] AndroidManifest.xml:20:5-43
MERGED from [com.facebook.fresco:fbcore:0.11.0] AndroidManifest.xml:5:5-7:41
MERGED from [com.facebook.fresco:imagepipeline-base:0.11.0] AndroidManifest.xml:5:5-7:41
MERGED from [com.android.support:support-v4:23.2.1] AndroidManifest.xml:20:5-43
MERGED from [com.facebook.fresco:fbcore:0.11.0] AndroidManifest.xml:5:5-7:41
MERGED from [com.facebook.fresco:imagepipeline-base:0.11.0] AndroidManifest.xml:5:5-7:41
MERGED from [com.android.support:support-v4:23.2.1] AndroidManifest.xml:20:5-43
MERGED from [com.facebook.fresco:fbcore:0.11.0] AndroidManifest.xml:5:5-7:41
MERGED from [com.android.support:support-v4:23.2.1] AndroidManifest.xml:20:5-43
MERGED from [com.facebook.fresco:fbcore:0.11.0] AndroidManifest.xml:5:5-7:41
	android:targetSdkVersion
		ADDED from NewDhDemo\superxz_bottom\AndroidManifest.xml:9:9-38
	android:minSdkVersion
		ADDED from NewDhDemo\superxz_bottom\AndroidManifest.xml:8:9-35
application
ADDED from NewDhDemo\superxz_bottom\AndroidManifest.xml:11:5-63:19
MERGED from [com.android.support:support-v4:23.2.1] AndroidManifest.xml:22:5-20
MERGED from [com.android.support:support-v4:23.2.1] AndroidManifest.xml:22:5-20
MERGED from [com.android.support:support-v4:23.2.1] AndroidManifest.xml:22:5-20
MERGED from [com.android.support:support-v4:23.2.1] AndroidManifest.xml:22:5-20
MERGED from [com.android.support:support-v4:23.2.1] AndroidManifest.xml:22:5-20
MERGED from [com.android.support:support-v4:23.2.1] AndroidManifest.xml:22:5-20
MERGED from [com.android.support:support-v4:23.2.1] AndroidManifest.xml:22:5-20
MERGED from [com.android.support:support-v4:23.2.1] AndroidManifest.xml:22:5-20
	android:label
		ADDED from NewDhDemo\superxz_bottom\AndroidManifest.xml:15:9-41
	android:allowBackup
		ADDED from NewDhDemo\superxz_bottom\AndroidManifest.xml:13:9-35
	android:icon
		ADDED from NewDhDemo\superxz_bottom\AndroidManifest.xml:14:9-45
	android:name
		ADDED from NewDhDemo\superxz_bottom\AndroidManifest.xml:12:9-56
activity#com.dh.superxz_bottom.yinzldemo.FragmentTabActivity2
ADDED from NewDhDemo\superxz_bottom\AndroidManifest.xml:17:9-26:20
	android:label
		ADDED from NewDhDemo\superxz_bottom\AndroidManifest.xml:19:13-45
	android:theme
		ADDED from NewDhDemo\superxz_bottom\AndroidManifest.xml:20:13-56
	android:name
		ADDED from NewDhDemo\superxz_bottom\AndroidManifest.xml:18:13-80
intent-filter#android.intent.action.MAIN+android.intent.category.LAUNCHER
ADDED from NewDhDemo\superxz_bottom\AndroidManifest.xml:21:13-25:29
action#android.intent.action.MAIN
ADDED from NewDhDemo\superxz_bottom\AndroidManifest.xml:22:17-69
	android:name
		ADDED from NewDhDemo\superxz_bottom\AndroidManifest.xml:22:25-66
category#android.intent.category.LAUNCHER
ADDED from NewDhDemo\superxz_bottom\AndroidManifest.xml:24:17-77
	android:name
		ADDED from NewDhDemo\superxz_bottom\AndroidManifest.xml:24:27-74
activity#com.dh.superxz_bottom.yinzldemo.EventBusActivity
ADDED from NewDhDemo\superxz_bottom\AndroidManifest.xml:27:9-31:20
	android:label
		ADDED from NewDhDemo\superxz_bottom\AndroidManifest.xml:29:13-45
	android:theme
		ADDED from NewDhDemo\superxz_bottom\AndroidManifest.xml:30:13-54
	android:name
		ADDED from NewDhDemo\superxz_bottom\AndroidManifest.xml:28:13-76
activity#com.dh.superxz_bottom.yinzldemo.DatePickerActivity
ADDED from NewDhDemo\superxz_bottom\AndroidManifest.xml:32:9-36:20
	android:label
		ADDED from NewDhDemo\superxz_bottom\AndroidManifest.xml:34:13-45
	android:theme
		ADDED from NewDhDemo\superxz_bottom\AndroidManifest.xml:35:13-54
	android:name
		ADDED from NewDhDemo\superxz_bottom\AndroidManifest.xml:33:13-78
activity#com.dh.superxz_bottom.activity.AboutActivity
ADDED from NewDhDemo\superxz_bottom\AndroidManifest.xml:38:9-42:20
	android:label
		ADDED from NewDhDemo\superxz_bottom\AndroidManifest.xml:40:13-45
	android:theme
		ADDED from NewDhDemo\superxz_bottom\AndroidManifest.xml:41:13-54
	android:name
		ADDED from NewDhDemo\superxz_bottom\AndroidManifest.xml:39:13-72
activity#com.dh.superxz_bottom.activity.LoginActivity
ADDED from NewDhDemo\superxz_bottom\AndroidManifest.xml:43:9-47:20
	android:label
		ADDED from NewDhDemo\superxz_bottom\AndroidManifest.xml:45:13-45
	android:theme
		ADDED from NewDhDemo\superxz_bottom\AndroidManifest.xml:46:13-56
	android:name
		ADDED from NewDhDemo\superxz_bottom\AndroidManifest.xml:44:13-72
activity#com.dh.superxz_bottom.activity.ForgetActivity
ADDED from NewDhDemo\superxz_bottom\AndroidManifest.xml:48:9-52:20
	android:label
		ADDED from NewDhDemo\superxz_bottom\AndroidManifest.xml:50:13-45
	android:theme
		ADDED from NewDhDemo\superxz_bottom\AndroidManifest.xml:51:13-54
	android:name
		ADDED from NewDhDemo\superxz_bottom\AndroidManifest.xml:49:13-73
activity#com.dh.superxz_bottom.activity.RegisterActivity
ADDED from NewDhDemo\superxz_bottom\AndroidManifest.xml:53:9-57:20
	android:label
		ADDED from NewDhDemo\superxz_bottom\AndroidManifest.xml:55:13-45
	android:theme
		ADDED from NewDhDemo\superxz_bottom\AndroidManifest.xml:56:13-54
	android:name
		ADDED from NewDhDemo\superxz_bottom\AndroidManifest.xml:54:13-75
activity#com.dh.superxz_bottom.yinzldemo.PhotoViewActivity
ADDED from NewDhDemo\superxz_bottom\AndroidManifest.xml:58:9-62:20
	android:label
		ADDED from NewDhDemo\superxz_bottom\AndroidManifest.xml:60:13-45
	android:theme
		ADDED from NewDhDemo\superxz_bottom\AndroidManifest.xml:61:13-54
	android:name
		ADDED from NewDhDemo\superxz_bottom\AndroidManifest.xml:59:13-77
uses-permission#android.permission.INTERNET
ADDED from NewDhDemo\superxz_bottom\AndroidManifest.xml:65:5-67
	android:name
		ADDED from NewDhDemo\superxz_bottom\AndroidManifest.xml:65:22-64
uses-permission#android.permission.WRITE_EXTERNAL_STORAGE
ADDED from NewDhDemo\superxz_bottom\AndroidManifest.xml:66:5-81
	android:name
		ADDED from NewDhDemo\superxz_bottom\AndroidManifest.xml:66:22-78
uses-permission#android.permission.ACCESS_NETWORK_STATE
ADDED from NewDhDemo\superxz_bottom\AndroidManifest.xml:67:5-79
	android:name
		ADDED from NewDhDemo\superxz_bottom\AndroidManifest.xml:67:22-76